{"name":"testUserRegistrationAndAccountCreation()","status":"broken","statusDetails":{"known":false,"muted":false,"flaky":false,"message":"Error {\n  message='Error: strict mode violation: locator(\"h1.title\") resolved to 3 elements:\n    1) <h1 class=\"title\">Open New Account</h1> aka locator(\"h1\").filter(new Locator.FilterOptions().setHasText(\"Open New Account\"))\n    2) <h1 class=\"title\">Account Opened!</h1> aka getByRole(AriaRole.HEADING, new Page.GetByRoleOptions().setName(\"Account Opened!\"))\n    3) <h1 class=\"title\">Error!</h1> aka getByText(\"Error!\")\n\n  name='Error\n  stack='Error: Error: strict mode violation: locator(\"h1.title\") resolved to 3 elements:\n    1) <h1 class=\"title\">Open New Account</h1> aka locator(\"h1\").filter(new Locator.FilterOptions().setHasText(\"Open New Account\"))\n    2) <h1 class=\"title\">Account Opened!</h1> aka getByRole(AriaRole.HEADING, new Page.GetByRoleOptions().setName(\"Account Opened!\"))\n    3) <h1 class=\"title\">Error!</h1> aka getByText(\"Error!\")\n\n    at CRExecutionContext.evaluateWithArguments (/private/var/folders/y0/gxlkwywn041290tqw0bf43br0000gn/T/playwright-java-14852506682596475888/package/lib/server/chromium/crExecutionContext.js:79:33)\n    at async LongStandingScope._race (/private/var/folders/y0/gxlkwywn041290tqw0bf43br0000gn/T/playwright-java-14852506682596475888/package/lib/utils/manualPromise.js:96:14)\n    at async evaluateExpression (/private/var/folders/y0/gxlkwywn041290tqw0bf43br0000gn/T/playwright-java-14852506682596475888/package/lib/server/javascript.js:229:12)\n    at async Frame._expectInternal (/private/var/folders/y0/gxlkwywn041290tqw0bf43br0000gn/T/playwright-java-14852506682596475888/package/lib/server/frames.js:1341:9)\n    at async /private/var/folders/y0/gxlkwywn041290tqw0bf43br0000gn/T/playwright-java-14852506682596475888/package/lib/server/frames.js:1268:18\n    at async ProgressController.run (/private/var/folders/y0/gxlkwywn041290tqw0bf43br0000gn/T/playwright-java-14852506682596475888/package/lib/server/progress.js:79:22)\n    at async Frame._expectImpl (/private/var/folders/y0/gxlkwywn041290tqw0bf43br0000gn/T/playwright-java-14852506682596475888/package/lib/server/frames.js:1267:31)\n    at async Frame.expect (/private/var/folders/y0/gxlkwywn041290tqw0bf43br0000gn/T/playwright-java-14852506682596475888/package/lib/server/frames.js:1238:20)\n    at async FrameDispatcher.expect (/private/var/folders/y0/gxlkwywn041290tqw0bf43br0000gn/T/playwright-java-14852506682596475888/package/lib/server/dispatchers/frameDispatcher.js:280:20)\n    at async LongStandingScope._race (/private/var/folders/y0/gxlkwywn041290tqw0bf43br0000gn/T/playwright-java-14852506682596475888/package/lib/utils/manualPromise.js:96:14)\n}\nCall log:\n-   - Locator.expect with timeout 5000ms\n-   - waiting for locator(\"h1.title\")\n","trace":"com.microsoft.playwright.PlaywrightException: Error {\n  message='Error: strict mode violation: locator(\"h1.title\") resolved to 3 elements:\n    1) <h1 class=\"title\">Open New Account</h1> aka locator(\"h1\").filter(new Locator.FilterOptions().setHasText(\"Open New Account\"))\n    2) <h1 class=\"title\">Account Opened!</h1> aka getByRole(AriaRole.HEADING, new Page.GetByRoleOptions().setName(\"Account Opened!\"))\n    3) <h1 class=\"title\">Error!</h1> aka getByText(\"Error!\")\n\n  name='Error\n  stack='Error: Error: strict mode violation: locator(\"h1.title\") resolved to 3 elements:\n    1) <h1 class=\"title\">Open New Account</h1> aka locator(\"h1\").filter(new Locator.FilterOptions().setHasText(\"Open New Account\"))\n    2) <h1 class=\"title\">Account Opened!</h1> aka getByRole(AriaRole.HEADING, new Page.GetByRoleOptions().setName(\"Account Opened!\"))\n    3) <h1 class=\"title\">Error!</h1> aka getByText(\"Error!\")\n\n    at CRExecutionContext.evaluateWithArguments (/private/var/folders/y0/gxlkwywn041290tqw0bf43br0000gn/T/playwright-java-14852506682596475888/package/lib/server/chromium/crExecutionContext.js:79:33)\n    at async LongStandingScope._race (/private/var/folders/y0/gxlkwywn041290tqw0bf43br0000gn/T/playwright-java-14852506682596475888/package/lib/utils/manualPromise.js:96:14)\n    at async evaluateExpression (/private/var/folders/y0/gxlkwywn041290tqw0bf43br0000gn/T/playwright-java-14852506682596475888/package/lib/server/javascript.js:229:12)\n    at async Frame._expectInternal (/private/var/folders/y0/gxlkwywn041290tqw0bf43br0000gn/T/playwright-java-14852506682596475888/package/lib/server/frames.js:1341:9)\n    at async /private/var/folders/y0/gxlkwywn041290tqw0bf43br0000gn/T/playwright-java-14852506682596475888/package/lib/server/frames.js:1268:18\n    at async ProgressController.run (/private/var/folders/y0/gxlkwywn041290tqw0bf43br0000gn/T/playwright-java-14852506682596475888/package/lib/server/progress.js:79:22)\n    at async Frame._expectImpl (/private/var/folders/y0/gxlkwywn041290tqw0bf43br0000gn/T/playwright-java-14852506682596475888/package/lib/server/frames.js:1267:31)\n    at async Frame.expect (/private/var/folders/y0/gxlkwywn041290tqw0bf43br0000gn/T/playwright-java-14852506682596475888/package/lib/server/frames.js:1238:20)\n    at async FrameDispatcher.expect (/private/var/folders/y0/gxlkwywn041290tqw0bf43br0000gn/T/playwright-java-14852506682596475888/package/lib/server/dispatchers/frameDispatcher.js:280:20)\n    at async LongStandingScope._race (/private/var/folders/y0/gxlkwywn041290tqw0bf43br0000gn/T/playwright-java-14852506682596475888/package/lib/utils/manualPromise.js:96:14)\n}\nCall log:\n-   - Locator.expect with timeout 5000ms\n-   - waiting for locator(\"h1.title\")\n\n\tat com.microsoft.playwright.impl.WaitableResult.get(WaitableResult.java:56)\n\tat com.microsoft.playwright.impl.ChannelOwner.runUntil(ChannelOwner.java:132)\n\tat com.microsoft.playwright.impl.Connection.sendMessage(Connection.java:130)\n\tat com.microsoft.playwright.impl.ChannelOwner.sendMessage(ChannelOwner.java:118)\n\tat com.microsoft.playwright.impl.LocatorImpl.expectImpl(LocatorImpl.java:671)\n\tat com.microsoft.playwright.impl.LocatorImpl.lambda$expect$9(LocatorImpl.java:657)\n\tat com.microsoft.playwright.impl.LoggingSupport.withLogging(LoggingSupport.java:47)\n\tat com.microsoft.playwright.impl.ChannelOwner.withLogging(ChannelOwner.java:97)\n\tat com.microsoft.playwright.impl.LocatorImpl.expect(LocatorImpl.java:657)\n\tat com.microsoft.playwright.impl.AssertionsBase.expectImpl(AssertionsBase.java:61)\n\tat com.microsoft.playwright.impl.AssertionsBase.expectImpl(AssertionsBase.java:51)\n\tat com.microsoft.playwright.impl.AssertionsBase.expectImpl(AssertionsBase.java:42)\n\tat com.microsoft.playwright.impl.LocatorAssertionsImpl.hasText(LocatorAssertionsImpl.java:254)\n\tat com.microsoft.playwright.assertions.LocatorAssertions.hasText(LocatorAssertions.java:1741)\n\tat com.parabank.pages.OpenAccountPage.openNewSavingsAccount(OpenAccountPage.java:35)\n\tat com.parabank.ui.ParaBankUITests.testUserRegistrationAndAccountCreation(ParaBankUITests.java:41)\n\tat java.base/jdk.internal.reflect.DirectMethodHandleAccessor.invoke(DirectMethodHandleAccessor.java:104)\n\tat java.base/java.lang.reflect.Method.invoke(Method.java:578)\n\tat org.junit.platform.commons.util.ReflectionUtils.invokeMethod(ReflectionUtils.java:767)\n\tat org.junit.jupiter.engine.execution.MethodInvocation.proceed(MethodInvocation.java:60)\n\tat org.junit.jupiter.engine.execution.InvocationInterceptorChain$ValidatingInvocation.proceed(InvocationInterceptorChain.java:131)\n\tat org.junit.jupiter.engine.extension.TimeoutExtension.intercept(TimeoutExtension.java:156)\n\tat org.junit.jupiter.engine.extension.TimeoutExtension.interceptTestableMethod(TimeoutExtension.java:147)\n\tat org.junit.jupiter.engine.extension.TimeoutExtension.interceptTestMethod(TimeoutExtension.java:86)\n\tat org.junit.jupiter.engine.execution.InterceptingExecutableInvoker$ReflectiveInterceptorCall.lambda$ofVoidMethod$0(InterceptingExecutableInvoker.java:103)\n\tat org.junit.jupiter.engine.execution.InterceptingExecutableInvoker.lambda$invoke$0(InterceptingExecutableInvoker.java:93)\n\tat org.junit.jupiter.engine.execution.InvocationInterceptorChain$InterceptedInvocation.proceed(InvocationInterceptorChain.java:106)\n\tat org.junit.jupiter.engine.execution.InvocationInterceptorChain.proceed(InvocationInterceptorChain.java:64)\n\tat org.junit.jupiter.engine.execution.InvocationInterceptorChain.chainAndInvoke(InvocationInterceptorChain.java:45)\n\tat org.junit.jupiter.engine.execution.InvocationInterceptorChain.invoke(InvocationInterceptorChain.java:37)\n\tat org.junit.jupiter.engine.execution.InterceptingExecutableInvoker.invoke(InterceptingExecutableInvoker.java:92)\n\tat org.junit.jupiter.engine.execution.InterceptingExecutableInvoker.invoke(InterceptingExecutableInvoker.java:86)\n\tat org.junit.jupiter.engine.descriptor.TestMethodTestDescriptor.lambda$invokeTestMethod$8(TestMethodTestDescriptor.java:217)\n\tat org.junit.platform.engine.support.hierarchical.ThrowableCollector.execute(ThrowableCollector.java:73)\n\tat org.junit.jupiter.engine.descriptor.TestMethodTestDescriptor.invokeTestMethod(TestMethodTestDescriptor.java:213)\n\tat org.junit.jupiter.engine.descriptor.TestMethodTestDescriptor.execute(TestMethodTestDescriptor.java:138)\n\tat org.junit.jupiter.engine.descriptor.TestMethodTestDescriptor.execute(TestMethodTestDescriptor.java:68)\n\tat org.junit.platform.engine.support.hierarchical.NodeTestTask.lambda$executeRecursively$6(NodeTestTask.java:156)\n\tat org.junit.platform.engine.support.hierarchical.ThrowableCollector.execute(ThrowableCollector.java:73)\n\tat org.junit.platform.engine.support.hierarchical.NodeTestTask.lambda$executeRecursively$8(NodeTestTask.java:146)\n\tat org.junit.platform.engine.support.hierarchical.Node.around(Node.java:137)\n\tat org.junit.platform.engine.support.hierarchical.NodeTestTask.lambda$executeRecursively$9(NodeTestTask.java:144)\n\tat org.junit.platform.engine.support.hierarchical.ThrowableCollector.execute(ThrowableCollector.java:73)\n\tat org.junit.platform.engine.support.hierarchical.NodeTestTask.executeRecursively(NodeTestTask.java:143)\n\tat org.junit.platform.engine.support.hierarchical.NodeTestTask.execute(NodeTestTask.java:100)\n\tat java.base/java.util.ArrayList.forEach(ArrayList.java:1511)\n\tat org.junit.platform.engine.support.hierarchical.SameThreadHierarchicalTestExecutorService.invokeAll(SameThreadHierarchicalTestExecutorService.java:41)\n\tat org.junit.platform.engine.support.hierarchical.NodeTestTask.lambda$executeRecursively$6(NodeTestTask.java:160)\n\tat org.junit.platform.engine.support.hierarchical.ThrowableCollector.execute(ThrowableCollector.java:73)\n\tat org.junit.platform.engine.support.hierarchical.NodeTestTask.lambda$executeRecursively$8(NodeTestTask.java:146)\n\tat org.junit.platform.engine.support.hierarchical.Node.around(Node.java:137)\n\tat org.junit.platform.engine.support.hierarchical.NodeTestTask.lambda$executeRecursively$9(NodeTestTask.java:144)\n\tat org.junit.platform.engine.support.hierarchical.ThrowableCollector.execute(ThrowableCollector.java:73)\n\tat org.junit.platform.engine.support.hierarchical.NodeTestTask.executeRecursively(NodeTestTask.java:143)\n\tat org.junit.platform.engine.support.hierarchical.NodeTestTask.execute(NodeTestTask.java:100)\n\tat java.base/java.util.ArrayList.forEach(ArrayList.java:1511)\n\tat org.junit.platform.engine.support.hierarchical.SameThreadHierarchicalTestExecutorService.invokeAll(SameThreadHierarchicalTestExecutorService.java:41)\n\tat org.junit.platform.engine.support.hierarchical.NodeTestTask.lambda$executeRecursively$6(NodeTestTask.java:160)\n\tat org.junit.platform.engine.support.hierarchical.ThrowableCollector.execute(ThrowableCollector.java:73)\n\tat org.junit.platform.engine.support.hierarchical.NodeTestTask.lambda$executeRecursively$8(NodeTestTask.java:146)\n\tat org.junit.platform.engine.support.hierarchical.Node.around(Node.java:137)\n\tat org.junit.platform.engine.support.hierarchical.NodeTestTask.lambda$executeRecursively$9(NodeTestTask.java:144)\n\tat org.junit.platform.engine.support.hierarchical.ThrowableCollector.execute(ThrowableCollector.java:73)\n\tat org.junit.platform.engine.support.hierarchical.NodeTestTask.executeRecursively(NodeTestTask.java:143)\n\tat org.junit.platform.engine.support.hierarchical.NodeTestTask.execute(NodeTestTask.java:100)\n\tat org.junit.platform.engine.support.hierarchical.SameThreadHierarchicalTestExecutorService.submit(SameThreadHierarchicalTestExecutorService.java:35)\n\tat org.junit.platform.engine.support.hierarchical.HierarchicalTestExecutor.execute(HierarchicalTestExecutor.java:57)\n\tat org.junit.platform.engine.support.hierarchical.HierarchicalTestEngine.execute(HierarchicalTestEngine.java:54)\n\tat org.junit.platform.launcher.core.DefaultLauncher.execute(DefaultLauncher.java:229)\n\tat org.junit.platform.launcher.core.DefaultLauncher.lambda$execute$6(DefaultLauncher.java:197)\n\tat org.junit.platform.launcher.core.DefaultLauncher.withInterceptedStreams(DefaultLauncher.java:211)\n\tat org.junit.platform.launcher.core.DefaultLauncher.execute(DefaultLauncher.java:191)\n\tat org.junit.platform.launcher.core.DefaultLauncher.execute(DefaultLauncher.java:128)\n\tat com.intellij.junit5.JUnit5IdeaTestRunner.startRunnerWithArgs(JUnit5IdeaTestRunner.java:57)\n\tat com.intellij.rt.junit.IdeaTestRunner$Repeater$1.execute(IdeaTestRunner.java:38)\n\tat com.intellij.rt.execution.junit.TestsRepeater.repeat(TestsRepeater.java:11)\n\tat com.intellij.rt.junit.IdeaTestRunner$Repeater.startRunnerWithArgs(IdeaTestRunner.java:35)\n\tat com.intellij.rt.junit.JUnitStarter.prepareStreamsAndStart(JUnitStarter.java:232)\n\tat com.intellij.rt.junit.JUnitStarter.main(JUnitStarter.java:55)\nCaused by: com.microsoft.playwright.impl.DriverException: Error {\n  message='Error: strict mode violation: locator(\"h1.title\") resolved to 3 elements:\n    1) <h1 class=\"title\">Open New Account</h1> aka locator(\"h1\").filter(new Locator.FilterOptions().setHasText(\"Open New Account\"))\n    2) <h1 class=\"title\">Account Opened!</h1> aka getByRole(AriaRole.HEADING, new Page.GetByRoleOptions().setName(\"Account Opened!\"))\n    3) <h1 class=\"title\">Error!</h1> aka getByText(\"Error!\")\n\n  name='Error\n  stack='Error: Error: strict mode violation: locator(\"h1.title\") resolved to 3 elements:\n    1) <h1 class=\"title\">Open New Account</h1> aka locator(\"h1\").filter(new Locator.FilterOptions().setHasText(\"Open New Account\"))\n    2) <h1 class=\"title\">Account Opened!</h1> aka getByRole(AriaRole.HEADING, new Page.GetByRoleOptions().setName(\"Account Opened!\"))\n    3) <h1 class=\"title\">Error!</h1> aka getByText(\"Error!\")\n\n    at CRExecutionContext.evaluateWithArguments (/private/var/folders/y0/gxlkwywn041290tqw0bf43br0000gn/T/playwright-java-14852506682596475888/package/lib/server/chromium/crExecutionContext.js:79:33)\n    at async LongStandingScope._race (/private/var/folders/y0/gxlkwywn041290tqw0bf43br0000gn/T/playwright-java-14852506682596475888/package/lib/utils/manualPromise.js:96:14)\n    at async evaluateExpression (/private/var/folders/y0/gxlkwywn041290tqw0bf43br0000gn/T/playwright-java-14852506682596475888/package/lib/server/javascript.js:229:12)\n    at async Frame._expectInternal (/private/var/folders/y0/gxlkwywn041290tqw0bf43br0000gn/T/playwright-java-14852506682596475888/package/lib/server/frames.js:1341:9)\n    at async /private/var/folders/y0/gxlkwywn041290tqw0bf43br0000gn/T/playwright-java-14852506682596475888/package/lib/server/frames.js:1268:18\n    at async ProgressController.run (/private/var/folders/y0/gxlkwywn041290tqw0bf43br0000gn/T/playwright-java-14852506682596475888/package/lib/server/progress.js:79:22)\n    at async Frame._expectImpl (/private/var/folders/y0/gxlkwywn041290tqw0bf43br0000gn/T/playwright-java-14852506682596475888/package/lib/server/frames.js:1267:31)\n    at async Frame.expect (/private/var/folders/y0/gxlkwywn041290tqw0bf43br0000gn/T/playwright-java-14852506682596475888/package/lib/server/frames.js:1238:20)\n    at async FrameDispatcher.expect (/private/var/folders/y0/gxlkwywn041290tqw0bf43br0000gn/T/playwright-java-14852506682596475888/package/lib/server/dispatchers/frameDispatcher.js:280:20)\n    at async LongStandingScope._race (/private/var/folders/y0/gxlkwywn041290tqw0bf43br0000gn/T/playwright-java-14852506682596475888/package/lib/utils/manualPromise.js:96:14)\n}\nCall log:\n-   - Locator.expect with timeout 5000ms\n-   - waiting for locator(\"h1.title\")\n\n\tat com.microsoft.playwright.impl.Connection.dispatch(Connection.java:259)\n\tat com.microsoft.playwright.impl.Connection.processOneMessage(Connection.java:211)\n\tat com.microsoft.playwright.impl.ChannelOwner.runUntil(ChannelOwner.java:130)\n\t... 77 more\n"},"stage":"finished","description":"","steps":[],"attachments":[],"parameters":[],"start":1754642153505,"stop":1754642202366,"uuid":"16cbd90e-638b-4023-9185-5430e62ada2f","historyId":"162aef6c019922a3420beb4a3804f23b","fullName":"com.parabank.ui.ParaBankUITests.testUserRegistrationAndAccountCreation","labels":[{"name":"host","value":"lhs-MacBook-Pro.local"},{"name":"thread","value":"2334@lhs-MacBook-Pro.local.main(1)"},{"name":"framework","value":"junit-platform"},{"name":"language","value":"java"},{"name":"package","value":"com.parabank.ui.ParaBankUITests"},{"name":"testClass","value":"com.parabank.ui.ParaBankUITests"},{"name":"testMethod","value":"testUserRegistrationAndAccountCreation"},{"name":"suite","value":"com.parabank.ui.ParaBankUITests"}],"links":[]}