{"name":"testUserRegistrationAndAccountCreation()","status":"broken","statusDetails":{"known":false,"muted":false,"flaky":false,"message":"Error {\n  message='Error: strict mode violation: locator(\"text=Accounts Overview\") resolved to 2 elements:\n    1) <a href=\"overview.htm\">Accounts Overview</a> aka getByRole(AriaRole.LINK, new Page.GetByRoleOptions().setName(\"Accounts Overview\"))\n    2) <h1 class=\"title\">↵⇆⇆⇆Accounts Overview↵⇆⇆</h1> aka getByRole(AriaRole.HEADING, new Page.GetByRoleOptions().setName(\"Accounts Overview\"))\n\n  name='Error\n  stack='Error: Error: strict mode violation: locator(\"text=Accounts Overview\") resolved to 2 elements:\n    1) <a href=\"overview.htm\">Accounts Overview</a> aka getByRole(AriaRole.LINK, new Page.GetByRoleOptions().setName(\"Accounts Overview\"))\n    2) <h1 class=\"title\">↵⇆⇆⇆Accounts Overview↵⇆⇆</h1> aka getByRole(AriaRole.HEADING, new Page.GetByRoleOptions().setName(\"Accounts Overview\"))\n\n    at CRExecutionContext.evaluateWithArguments (/private/var/folders/y0/gxlkwywn041290tqw0bf43br0000gn/T/playwright-java-2441749598413741893/package/lib/server/chromium/crExecutionContext.js:79:33)\n    at async LongStandingScope._race (/private/var/folders/y0/gxlkwywn041290tqw0bf43br0000gn/T/playwright-java-2441749598413741893/package/lib/utils/manualPromise.js:96:14)\n    at async evaluateExpression (/private/var/folders/y0/gxlkwywn041290tqw0bf43br0000gn/T/playwright-java-2441749598413741893/package/lib/server/javascript.js:229:12)\n    at async /private/var/folders/y0/gxlkwywn041290tqw0bf43br0000gn/T/playwright-java-2441749598413741893/package/lib/server/frames.js:646:22\n    at async Frame.retryWithProgressAndTimeouts (/private/var/folders/y0/gxlkwywn041290tqw0bf43br0000gn/T/playwright-java-2441749598413741893/package/lib/server/frames.js:935:24)\n    at async /private/var/folders/y0/gxlkwywn041290tqw0bf43br0000gn/T/playwright-java-2441749598413741893/package/lib/server/frames.js:631:14\n    at async ProgressController.run (/private/var/folders/y0/gxlkwywn041290tqw0bf43br0000gn/T/playwright-java-2441749598413741893/package/lib/server/progress.js:79:22)\n    at async FrameDispatcher.waitForSelector (/private/var/folders/y0/gxlkwywn041290tqw0bf43br0000gn/T/playwright-java-2441749598413741893/package/lib/server/dispatchers/frameDispatcher.js:106:85)\n    at async LongStandingScope._race (/private/var/folders/y0/gxlkwywn041290tqw0bf43br0000gn/T/playwright-java-2441749598413741893/package/lib/utils/manualPromise.js:96:14)\n    at async FrameDispatcher._handleCommand (/private/var/folders/y0/gxlkwywn041290tqw0bf43br0000gn/T/playwright-java-2441749598413741893/package/lib/server/dispatchers/dispatcher.js:96:14)\n}\nCall log:\n-   - waiting for locator(\"text=Accounts Overview\")\n","trace":"com.microsoft.playwright.PlaywrightException: Error {\n  message='Error: strict mode violation: locator(\"text=Accounts Overview\") resolved to 2 elements:\n    1) <a href=\"overview.htm\">Accounts Overview</a> aka getByRole(AriaRole.LINK, new Page.GetByRoleOptions().setName(\"Accounts Overview\"))\n    2) <h1 class=\"title\">↵⇆⇆⇆Accounts Overview↵⇆⇆</h1> aka getByRole(AriaRole.HEADING, new Page.GetByRoleOptions().setName(\"Accounts Overview\"))\n\n  name='Error\n  stack='Error: Error: strict mode violation: locator(\"text=Accounts Overview\") resolved to 2 elements:\n    1) <a href=\"overview.htm\">Accounts Overview</a> aka getByRole(AriaRole.LINK, new Page.GetByRoleOptions().setName(\"Accounts Overview\"))\n    2) <h1 class=\"title\">↵⇆⇆⇆Accounts Overview↵⇆⇆</h1> aka getByRole(AriaRole.HEADING, new Page.GetByRoleOptions().setName(\"Accounts Overview\"))\n\n    at CRExecutionContext.evaluateWithArguments (/private/var/folders/y0/gxlkwywn041290tqw0bf43br0000gn/T/playwright-java-2441749598413741893/package/lib/server/chromium/crExecutionContext.js:79:33)\n    at async LongStandingScope._race (/private/var/folders/y0/gxlkwywn041290tqw0bf43br0000gn/T/playwright-java-2441749598413741893/package/lib/utils/manualPromise.js:96:14)\n    at async evaluateExpression (/private/var/folders/y0/gxlkwywn041290tqw0bf43br0000gn/T/playwright-java-2441749598413741893/package/lib/server/javascript.js:229:12)\n    at async /private/var/folders/y0/gxlkwywn041290tqw0bf43br0000gn/T/playwright-java-2441749598413741893/package/lib/server/frames.js:646:22\n    at async Frame.retryWithProgressAndTimeouts (/private/var/folders/y0/gxlkwywn041290tqw0bf43br0000gn/T/playwright-java-2441749598413741893/package/lib/server/frames.js:935:24)\n    at async /private/var/folders/y0/gxlkwywn041290tqw0bf43br0000gn/T/playwright-java-2441749598413741893/package/lib/server/frames.js:631:14\n    at async ProgressController.run (/private/var/folders/y0/gxlkwywn041290tqw0bf43br0000gn/T/playwright-java-2441749598413741893/package/lib/server/progress.js:79:22)\n    at async FrameDispatcher.waitForSelector (/private/var/folders/y0/gxlkwywn041290tqw0bf43br0000gn/T/playwright-java-2441749598413741893/package/lib/server/dispatchers/frameDispatcher.js:106:85)\n    at async LongStandingScope._race (/private/var/folders/y0/gxlkwywn041290tqw0bf43br0000gn/T/playwright-java-2441749598413741893/package/lib/utils/manualPromise.js:96:14)\n    at async FrameDispatcher._handleCommand (/private/var/folders/y0/gxlkwywn041290tqw0bf43br0000gn/T/playwright-java-2441749598413741893/package/lib/server/dispatchers/dispatcher.js:96:14)\n}\nCall log:\n-   - waiting for locator(\"text=Accounts Overview\")\n\n\tat com.microsoft.playwright.impl.WaitableResult.get(WaitableResult.java:56)\n\tat com.microsoft.playwright.impl.ChannelOwner.runUntil(ChannelOwner.java:132)\n\tat com.microsoft.playwright.impl.Connection.sendMessage(Connection.java:130)\n\tat com.microsoft.playwright.impl.ChannelOwner.sendMessage(ChannelOwner.java:118)\n\tat com.microsoft.playwright.impl.FrameImpl.waitForSelectorImpl(FrameImpl.java:1060)\n\tat com.microsoft.playwright.impl.LocatorImpl.lambda$waitForImpl$8(LocatorImpl.java:634)\n\tat com.microsoft.playwright.impl.LoggingSupport.withLogging(LoggingSupport.java:47)\n\tat com.microsoft.playwright.impl.ChannelOwner.withLogging(ChannelOwner.java:97)\n\tat com.microsoft.playwright.impl.LocatorImpl.waitForImpl(LocatorImpl.java:634)\n\tat com.microsoft.playwright.impl.LocatorImpl.waitFor(LocatorImpl.java:630)\n\tat com.parabank.pages.LoginPage.isLoginSuccessful(LoginPage.java:28)\n\tat com.parabank.ui.ParaBankUITests.testUserRegistrationAndAccountCreation(ParaBankUITests.java:32)\n\tat java.base/jdk.internal.reflect.DirectMethodHandleAccessor.invoke(DirectMethodHandleAccessor.java:104)\n\tat java.base/java.lang.reflect.Method.invoke(Method.java:578)\n\tat org.junit.platform.commons.util.ReflectionUtils.invokeMethod(ReflectionUtils.java:767)\n\tat org.junit.jupiter.engine.execution.MethodInvocation.proceed(MethodInvocation.java:60)\n\tat org.junit.jupiter.engine.execution.InvocationInterceptorChain$ValidatingInvocation.proceed(InvocationInterceptorChain.java:131)\n\tat org.junit.jupiter.engine.extension.TimeoutExtension.intercept(TimeoutExtension.java:156)\n\tat org.junit.jupiter.engine.extension.TimeoutExtension.interceptTestableMethod(TimeoutExtension.java:147)\n\tat org.junit.jupiter.engine.extension.TimeoutExtension.interceptTestMethod(TimeoutExtension.java:86)\n\tat org.junit.jupiter.engine.execution.InterceptingExecutableInvoker$ReflectiveInterceptorCall.lambda$ofVoidMethod$0(InterceptingExecutableInvoker.java:103)\n\tat org.junit.jupiter.engine.execution.InterceptingExecutableInvoker.lambda$invoke$0(InterceptingExecutableInvoker.java:93)\n\tat org.junit.jupiter.engine.execution.InvocationInterceptorChain$InterceptedInvocation.proceed(InvocationInterceptorChain.java:106)\n\tat org.junit.jupiter.engine.execution.InvocationInterceptorChain.proceed(InvocationInterceptorChain.java:64)\n\tat org.junit.jupiter.engine.execution.InvocationInterceptorChain.chainAndInvoke(InvocationInterceptorChain.java:45)\n\tat org.junit.jupiter.engine.execution.InvocationInterceptorChain.invoke(InvocationInterceptorChain.java:37)\n\tat org.junit.jupiter.engine.execution.InterceptingExecutableInvoker.invoke(InterceptingExecutableInvoker.java:92)\n\tat org.junit.jupiter.engine.execution.InterceptingExecutableInvoker.invoke(InterceptingExecutableInvoker.java:86)\n\tat org.junit.jupiter.engine.descriptor.TestMethodTestDescriptor.lambda$invokeTestMethod$8(TestMethodTestDescriptor.java:217)\n\tat org.junit.platform.engine.support.hierarchical.ThrowableCollector.execute(ThrowableCollector.java:73)\n\tat org.junit.jupiter.engine.descriptor.TestMethodTestDescriptor.invokeTestMethod(TestMethodTestDescriptor.java:213)\n\tat org.junit.jupiter.engine.descriptor.TestMethodTestDescriptor.execute(TestMethodTestDescriptor.java:138)\n\tat org.junit.jupiter.engine.descriptor.TestMethodTestDescriptor.execute(TestMethodTestDescriptor.java:68)\n\tat org.junit.platform.engine.support.hierarchical.NodeTestTask.lambda$executeRecursively$6(NodeTestTask.java:156)\n\tat org.junit.platform.engine.support.hierarchical.ThrowableCollector.execute(ThrowableCollector.java:73)\n\tat org.junit.platform.engine.support.hierarchical.NodeTestTask.lambda$executeRecursively$8(NodeTestTask.java:146)\n\tat org.junit.platform.engine.support.hierarchical.Node.around(Node.java:137)\n\tat org.junit.platform.engine.support.hierarchical.NodeTestTask.lambda$executeRecursively$9(NodeTestTask.java:144)\n\tat org.junit.platform.engine.support.hierarchical.ThrowableCollector.execute(ThrowableCollector.java:73)\n\tat org.junit.platform.engine.support.hierarchical.NodeTestTask.executeRecursively(NodeTestTask.java:143)\n\tat org.junit.platform.engine.support.hierarchical.NodeTestTask.execute(NodeTestTask.java:100)\n\tat java.base/java.util.ArrayList.forEach(ArrayList.java:1511)\n\tat org.junit.platform.engine.support.hierarchical.SameThreadHierarchicalTestExecutorService.invokeAll(SameThreadHierarchicalTestExecutorService.java:41)\n\tat org.junit.platform.engine.support.hierarchical.NodeTestTask.lambda$executeRecursively$6(NodeTestTask.java:160)\n\tat org.junit.platform.engine.support.hierarchical.ThrowableCollector.execute(ThrowableCollector.java:73)\n\tat org.junit.platform.engine.support.hierarchical.NodeTestTask.lambda$executeRecursively$8(NodeTestTask.java:146)\n\tat org.junit.platform.engine.support.hierarchical.Node.around(Node.java:137)\n\tat org.junit.platform.engine.support.hierarchical.NodeTestTask.lambda$executeRecursively$9(NodeTestTask.java:144)\n\tat org.junit.platform.engine.support.hierarchical.ThrowableCollector.execute(ThrowableCollector.java:73)\n\tat org.junit.platform.engine.support.hierarchical.NodeTestTask.executeRecursively(NodeTestTask.java:143)\n\tat org.junit.platform.engine.support.hierarchical.NodeTestTask.execute(NodeTestTask.java:100)\n\tat java.base/java.util.ArrayList.forEach(ArrayList.java:1511)\n\tat org.junit.platform.engine.support.hierarchical.SameThreadHierarchicalTestExecutorService.invokeAll(SameThreadHierarchicalTestExecutorService.java:41)\n\tat org.junit.platform.engine.support.hierarchical.NodeTestTask.lambda$executeRecursively$6(NodeTestTask.java:160)\n\tat org.junit.platform.engine.support.hierarchical.ThrowableCollector.execute(ThrowableCollector.java:73)\n\tat org.junit.platform.engine.support.hierarchical.NodeTestTask.lambda$executeRecursively$8(NodeTestTask.java:146)\n\tat org.junit.platform.engine.support.hierarchical.Node.around(Node.java:137)\n\tat org.junit.platform.engine.support.hierarchical.NodeTestTask.lambda$executeRecursively$9(NodeTestTask.java:144)\n\tat org.junit.platform.engine.support.hierarchical.ThrowableCollector.execute(ThrowableCollector.java:73)\n\tat org.junit.platform.engine.support.hierarchical.NodeTestTask.executeRecursively(NodeTestTask.java:143)\n\tat org.junit.platform.engine.support.hierarchical.NodeTestTask.execute(NodeTestTask.java:100)\n\tat org.junit.platform.engine.support.hierarchical.SameThreadHierarchicalTestExecutorService.submit(SameThreadHierarchicalTestExecutorService.java:35)\n\tat org.junit.platform.engine.support.hierarchical.HierarchicalTestExecutor.execute(HierarchicalTestExecutor.java:57)\n\tat org.junit.platform.engine.support.hierarchical.HierarchicalTestEngine.execute(HierarchicalTestEngine.java:54)\n\tat org.junit.platform.launcher.core.DefaultLauncher.execute(DefaultLauncher.java:229)\n\tat org.junit.platform.launcher.core.DefaultLauncher.lambda$execute$6(DefaultLauncher.java:197)\n\tat org.junit.platform.launcher.core.DefaultLauncher.withInterceptedStreams(DefaultLauncher.java:211)\n\tat org.junit.platform.launcher.core.DefaultLauncher.execute(DefaultLauncher.java:191)\n\tat org.junit.platform.launcher.core.DefaultLauncher.execute(DefaultLauncher.java:128)\n\tat com.intellij.junit5.JUnit5IdeaTestRunner.startRunnerWithArgs(JUnit5IdeaTestRunner.java:57)\n\tat com.intellij.rt.junit.IdeaTestRunner$Repeater$1.execute(IdeaTestRunner.java:38)\n\tat com.intellij.rt.execution.junit.TestsRepeater.repeat(TestsRepeater.java:11)\n\tat com.intellij.rt.junit.IdeaTestRunner$Repeater.startRunnerWithArgs(IdeaTestRunner.java:35)\n\tat com.intellij.rt.junit.JUnitStarter.prepareStreamsAndStart(JUnitStarter.java:232)\n\tat com.intellij.rt.junit.JUnitStarter.main(JUnitStarter.java:55)\nCaused by: com.microsoft.playwright.impl.DriverException: Error {\n  message='Error: strict mode violation: locator(\"text=Accounts Overview\") resolved to 2 elements:\n    1) <a href=\"overview.htm\">Accounts Overview</a> aka getByRole(AriaRole.LINK, new Page.GetByRoleOptions().setName(\"Accounts Overview\"))\n    2) <h1 class=\"title\">↵⇆⇆⇆Accounts Overview↵⇆⇆</h1> aka getByRole(AriaRole.HEADING, new Page.GetByRoleOptions().setName(\"Accounts Overview\"))\n\n  name='Error\n  stack='Error: Error: strict mode violation: locator(\"text=Accounts Overview\") resolved to 2 elements:\n    1) <a href=\"overview.htm\">Accounts Overview</a> aka getByRole(AriaRole.LINK, new Page.GetByRoleOptions().setName(\"Accounts Overview\"))\n    2) <h1 class=\"title\">↵⇆⇆⇆Accounts Overview↵⇆⇆</h1> aka getByRole(AriaRole.HEADING, new Page.GetByRoleOptions().setName(\"Accounts Overview\"))\n\n    at CRExecutionContext.evaluateWithArguments (/private/var/folders/y0/gxlkwywn041290tqw0bf43br0000gn/T/playwright-java-2441749598413741893/package/lib/server/chromium/crExecutionContext.js:79:33)\n    at async LongStandingScope._race (/private/var/folders/y0/gxlkwywn041290tqw0bf43br0000gn/T/playwright-java-2441749598413741893/package/lib/utils/manualPromise.js:96:14)\n    at async evaluateExpression (/private/var/folders/y0/gxlkwywn041290tqw0bf43br0000gn/T/playwright-java-2441749598413741893/package/lib/server/javascript.js:229:12)\n    at async /private/var/folders/y0/gxlkwywn041290tqw0bf43br0000gn/T/playwright-java-2441749598413741893/package/lib/server/frames.js:646:22\n    at async Frame.retryWithProgressAndTimeouts (/private/var/folders/y0/gxlkwywn041290tqw0bf43br0000gn/T/playwright-java-2441749598413741893/package/lib/server/frames.js:935:24)\n    at async /private/var/folders/y0/gxlkwywn041290tqw0bf43br0000gn/T/playwright-java-2441749598413741893/package/lib/server/frames.js:631:14\n    at async ProgressController.run (/private/var/folders/y0/gxlkwywn041290tqw0bf43br0000gn/T/playwright-java-2441749598413741893/package/lib/server/progress.js:79:22)\n    at async FrameDispatcher.waitForSelector (/private/var/folders/y0/gxlkwywn041290tqw0bf43br0000gn/T/playwright-java-2441749598413741893/package/lib/server/dispatchers/frameDispatcher.js:106:85)\n    at async LongStandingScope._race (/private/var/folders/y0/gxlkwywn041290tqw0bf43br0000gn/T/playwright-java-2441749598413741893/package/lib/utils/manualPromise.js:96:14)\n    at async FrameDispatcher._handleCommand (/private/var/folders/y0/gxlkwywn041290tqw0bf43br0000gn/T/playwright-java-2441749598413741893/package/lib/server/dispatchers/dispatcher.js:96:14)\n}\nCall log:\n-   - waiting for locator(\"text=Accounts Overview\")\n\n\tat com.microsoft.playwright.impl.Connection.dispatch(Connection.java:259)\n\tat com.microsoft.playwright.impl.Connection.processOneMessage(Connection.java:211)\n\tat com.microsoft.playwright.impl.ChannelOwner.runUntil(ChannelOwner.java:130)\n\t... 73 more\n"},"stage":"finished","description":"","steps":[],"attachments":[],"parameters":[],"start":1754648227247,"stop":1754648240265,"uuid":"cf0f00e4-234a-4277-967a-cda920dfdc0c","historyId":"162aef6c019922a3420beb4a3804f23b","fullName":"com.parabank.ui.ParaBankUITests.testUserRegistrationAndAccountCreation","labels":[{"name":"host","value":"lhs-MacBook-Pro.local"},{"name":"thread","value":"4349@lhs-MacBook-Pro.local.main(1)"},{"name":"framework","value":"junit-platform"},{"name":"language","value":"java"},{"name":"package","value":"com.parabank.ui.ParaBankUITests"},{"name":"testClass","value":"com.parabank.ui.ParaBankUITests"},{"name":"testMethod","value":"testUserRegistrationAndAccountCreation"},{"name":"suite","value":"com.parabank.ui.ParaBankUITests"}],"links":[]}